[GIN-debug] [WARNING] Creating an Engine instance with the Logger and Recovery middleware already attached.

[GIN-debug] [WARNING] Running in "debug" mode. Switch to "release" mode in production.
 - using env:	export GIN_MODE=release
 - using code:	gin.SetMode(gin.ReleaseMode)

localhost:10100
admin
admin123456
2026/03/27 15:30:39 minio connected
[GIN-debug] GET    /swagger/*any             --> github.com/swaggo/gin-swagger.CustomWrapHandler.func1 (3 handlers)
[GIN-debug] POST   /api/v1/account/register  --> mono/gateway/service/auth.(*Service).Register-fm (3 handlers)
[GIN-debug] POST   /api/v1/account/login     --> mono/gateway/service/auth.(*Service).Login-fm (3 handlers)
[GIN-debug] POST   /api/v1/account/refresh   --> mono/gateway/service/auth.(*Service).Refresh-fm (3 handlers)
[GIN-debug] POST   /api/v1/post/list         --> mono/gateway/service/post.(*Service).List-fm (3 handlers)
[GIN-debug] POST   /api/v1/post/detail       --> mono/gateway/service/post.(*Service).Detail-fm (3 handlers)
[GIN-debug] POST   /api/v1/post/create       --> mono/gateway/service/post.(*Service).Create-fm (3 handlers)
[GIN-debug] POST   /api/v1/user/batch        --> mono/gateway/service/user.(*Service).BatchGetUsersInfo-fm (3 handlers)
[GIN-debug] POST   /api/v1/user/update       --> mono/gateway/service/user.(*Service).Update-fm (3 handlers)
[GIN-debug] POST   /api/v1/resource/upload/avatar --> mono/gateway/service/resource.(*Service).Avatar-fm (3 handlers)
[GIN-debug] [WARNING] You trusted all proxies, this is NOT safe. We recommend you to set a value.
Please check https://github.com/gin-gonic/gin/blob/master/docs/doc.md#dont-trust-all-proxies for details.
[GIN-debug] Listening and serving HTTP on :9000
[GIN] 2026/03/27 - 15:30:42 | 200 |   5.58ms |       127.0.0.1 | POST     "/api/v1/post/list"
[GIN] 2026/03/27 - 15:30:50 | 200 | 230.875µs |       127.0.0.1 | POST     "/api/v1/post/list"
[GIN] 2026/03/27 - 15:31:47 | 200 | 152.32ms |             ::1 | POST     "/api/v1/resource/upload/avatar"
